\BOOKMARK [0][-]{chapter.1}{TP1 - \311tude et analyse du Ring }{}% 1
\BOOKMARK [1][-]{section.1.1}{Introduction}{chapter.1}% 2
\BOOKMARK [1][-]{section.1.2}{Ring}{chapter.1}% 3
\BOOKMARK [1][-]{section.1.3}{Context}{chapter.1}% 4
\BOOKMARK [1][-]{section.1.4}{Statistical Analysis}{chapter.1}% 5
\BOOKMARK [1][-]{section.1.5}{Dynamic Analysis}{chapter.1}% 6
\BOOKMARK [1][-]{section.1.6}{Ring architecture}{chapter.1}% 7
\BOOKMARK [1][-]{section.1.7}{4+1 Model}{chapter.1}% 8
\BOOKMARK [2][-]{subsection.1.7.1}{Development view}{section.1.7}% 9
\BOOKMARK [2][-]{subsection.1.7.2}{Logical view}{section.1.7}% 10
\BOOKMARK [2][-]{subsection.1.7.3}{Process view}{section.1.7}% 11
\BOOKMARK [2][-]{subsection.1.7.4}{Physical view}{section.1.7}% 12
\BOOKMARK [2][-]{subsection.1.7.5}{Scenarios}{section.1.7}% 13
\BOOKMARK [2][-]{subsection.1.7.6}{Performance View}{section.1.7}% 14
\BOOKMARK [1][-]{section.1.8}{Design Patterns}{chapter.1}% 15
\BOOKMARK [1][-]{section.1.9}{Conclusion}{chapter.1}% 16
\BOOKMARK [0][-]{chapter.2}{TP2 - R\351usinage Architectural du code Ring}{}% 17
\BOOKMARK [1][-]{section.2.1}{Introduction}{chapter.2}% 18
\BOOKMARK [1][-]{section.2.2}{Ring}{chapter.2}% 19
\BOOKMARK [1][-]{section.2.3}{Code Quality Analysis}{chapter.2}% 20
\BOOKMARK [2][-]{subsection.2.3.1}{Code Scene}{section.2.3}% 21
\BOOKMARK [2][-]{subsection.2.3.2}{Better Code Hub}{section.2.3}% 22
\BOOKMARK [1][-]{section.2.4}{Ptidej}{chapter.2}% 23
\BOOKMARK [1][-]{section.2.5}{Design Patterns}{chapter.2}% 24
\BOOKMARK [2][-]{subsection.2.5.1}{Factory Method}{section.2.5}% 25
\BOOKMARK [2][-]{subsection.2.5.2}{Singleton}{section.2.5}% 26
\BOOKMARK [2][-]{subsection.2.5.3}{Model View Controller}{section.2.5}% 27
\BOOKMARK [2][-]{subsection.2.5.4}{Template Pattern}{section.2.5}% 28
\BOOKMARK [1][-]{section.2.6}{Anti Pattern}{chapter.2}% 29
\BOOKMARK [2][-]{subsection.2.6.1}{Dead Code}{section.2.6}% 30
\BOOKMARK [2][-]{subsection.2.6.2}{Complex Class}{section.2.6}% 31
\BOOKMARK [2][-]{subsection.2.6.3}{Blob}{section.2.6}% 32
\BOOKMARK [1][-]{section.2.7}{Problem Exposed}{chapter.2}% 33
\BOOKMARK [2][-]{subsection.2.7.1}{Description of the Exposed problem}{section.2.7}% 34
\BOOKMARK [2][-]{subsection.2.7.2}{Proposal of Solution}{section.2.7}% 35
\BOOKMARK [1][-]{section.2.8}{Conclusion}{chapter.2}% 36
\BOOKMARK [0][-]{chapter.3}{TP3 - Impl\351mentation et contribution au projet Ring }{}% 37
\BOOKMARK [1][-]{section.3.1}{Introduction}{chapter.3}% 38
\BOOKMARK [1][-]{section.3.2}{Description of the problem}{chapter.3}% 39
\BOOKMARK [2][-]{subsection.3.2.1}{Description of the Exposed problem}{section.3.2}% 40
\BOOKMARK [2][-]{subsection.3.2.2}{Proposal of Solution}{section.3.2}% 41
\BOOKMARK [1][-]{section.3.3}{Analysis}{chapter.3}% 42
\BOOKMARK [2][-]{subsection.3.3.1}{Testing}{section.3.3}% 43
\BOOKMARK [2][-]{subsection.3.3.2}{Code Metrics}{section.3.3}% 44
\BOOKMARK [2][-]{subsection.3.3.3}{Code Improvements}{section.3.3}% 45
\BOOKMARK [1][-]{section.3.4}{Pull Request}{chapter.3}% 46
\BOOKMARK [1][-]{section.3.5}{Conclusion}{chapter.3}% 47
\BOOKMARK [0][-]{appendix.A}{TP1 - Appendices}{}% 48
\BOOKMARK [0][-]{appendix.B}{TP2 - Appendices}{}% 49
\BOOKMARK [0][-]{appendix.C}{TP3 - Appendices}{}% 50
